# JRE version: OpenJDK Runtime Environment (8.0_152-b01) (build 1.8.0_152-release-915-b01)
# Java VM: OpenJDK 64-Bit Server VM (25.152-b01 mixed mode linux-amd64 compressed oops)
Heap:
 PSYoungGen      total 163840K, used 15874K [0x00000000e0000000, 0x00000000ec300000, 0x0000000100000000)
  eden space 141824K, 11% used [0x00000000e0000000,0x00000000e0f80a28,0x00000000e8a80000)
  from space 22016K, 0% used [0x00000000ea400000,0x00000000ea400000,0x00000000eb980000)
  to   space 26112K, 0% used [0x00000000e8a80000,0x00000000e8a80000,0x00000000ea400000)
 ParOldGen       total 160768K, used 47587K [0x00000000a0000000, 0x00000000a9d00000, 0x00000000e0000000)
  object space 160768K, 29% used [0x00000000a0000000,0x00000000a2e78df8,0x00000000a9d00000)
 Metaspace       used 58649K, capacity 61234K, committed 61312K, reserved 1101824K
  class space    used 7913K, capacity 8529K, committed 8576K, reserved 1048576K
GC Heap History (10 events):
Event: 16.642 GC heap before
{Heap before GC invocations=13 (full 2):
 PSYoungGen      total 98816K, used 98239K [0x00000000e0000000, 0x00000000e7080000, 0x0000000100000000)
  eden space 91648K, 100% used [0x00000000e0000000,0x00000000e5980000,0x00000000e5980000)
  from space 7168K, 91% used [0x00000000e6980000,0x00000000e6fefff0,0x00000000e7080000)
  to   space 11776K, 0% used [0x00000000e5980000,0x00000000e5980000,0x00000000e6500000)
 ParOldGen       total 98816K, used 16243K [0x00000000a0000000, 0x00000000a6080000, 0x00000000e0000000)
  object space 98816K, 16% used [0x00000000a0000000,0x00000000a0fdcd98,0x00000000a6080000)
 Metaspace       used 46626K, capacity 47736K, committed 48000K, reserved 1091584K
  class space    used 6279K, capacity 6674K, committed 6784K, reserved 1048576K
Event: 16.658 GC heap after
Heap after GC invocations=13 (full 2):
 PSYoungGen      total 103424K, used 11773K [0x00000000e0000000, 0x00000000e8900000, 0x0000000100000000)
  eden space 91648K, 0% used [0x00000000e0000000,0x00000000e0000000,0x00000000e5980000)
  from space 11776K, 99% used [0x00000000e5980000,0x00000000e64ff4c0,0x00000000e6500000)
  to   space 13312K, 0% used [0x00000000e7c00000,0x00000000e7c00000,0x00000000e8900000)
 ParOldGen       total 98816K, used 16987K [0x00000000a0000000, 0x00000000a6080000, 0x00000000e0000000)
  object space 98816K, 17% used [0x00000000a0000000,0x00000000a1096f38,0x00000000a6080000)
 Metaspace       used 46626K, capacity 47736K, committed 48000K, reserved 1091584K
  class space    used 6279K, capacity 6674K, committed 6784K, reserved 1048576K
}
Event: 18.668 GC heap before
{Heap before GC invocations=14 (full 2):
 PSYoungGen      total 103424K, used 103421K [0x00000000e0000000, 0x00000000e8900000, 0x0000000100000000)
  eden space 91648K, 100% used [0x00000000e0000000,0x00000000e5980000,0x00000000e5980000)
  from space 11776K, 99% used [0x00000000e5980000,0x00000000e64ff4c0,0x00000000e6500000)
  to   space 13312K, 0% used [0x00000000e7c00000,0x00000000e7c00000,0x00000000e8900000)
 ParOldGen       total 98816K, used 16987K [0x00000000a0000000, 0x00000000a6080000, 0x00000000e0000000)
  object space 98816K, 17% used [0x00000000a0000000,0x00000000a1096f38,0x00000000a6080000)
 Metaspace       used 51549K, capacity 53234K, committed 53376K, reserved 1095680K
  class space    used 7004K, capacity 7499K, committed 7552K, reserved 1048576K
Event: 18.695 GC heap after
Heap after GC invocations=14 (full 2):
 PSYoungGen      total 124416K, used 13302K [0x00000000e0000000, 0x00000000e8f80000, 0x0000000100000000)
  eden space 111104K, 0% used [0x00000000e0000000,0x00000000e0000000,0x00000000e6c80000)
  from space 13312K, 99% used [0x00000000e7c00000,0x00000000e88fdbe0,0x00000000e8900000)
  to   space 15872K, 0% used [0x00000000e6c80000,0x00000000e6c80000,0x00000000e7c00000)
 ParOldGen       total 98816K, used 20275K [0x00000000a0000000, 0x00000000a6080000, 0x00000000e0000000)
  object space 98816K, 20% used [0x00000000a0000000,0x00000000a13ccf98,0x00000000a6080000)
 Metaspace       used 51549K, capacity 53234K, committed 53376K, reserved 1095680K
  class space    used 7004K, capacity 7499K, committed 7552K, reserved 1048576K
}
Event: 19.905 GC heap before
{Heap before GC invocations=15 (full 2):
 PSYoungGen      total 124416K, used 124406K [0x00000000e0000000, 0x00000000e8f80000, 0x0000000100000000)
  eden space 111104K, 100% used [0x00000000e0000000,0x00000000e6c80000,0x00000000e6c80000)
  from space 13312K, 99% used [0x00000000e7c00000,0x00000000e88fdbe0,0x00000000e8900000)
  to   space 15872K, 0% used [0x00000000e6c80000,0x00000000e6c80000,0x00000000e7c00000)
 ParOldGen       total 98816K, used 20275K [0x00000000a0000000, 0x00000000a6080000, 0x00000000e0000000)
  object space 98816K, 20% used [0x00000000a0000000,0x00000000a13ccf98,0x00000000a6080000)
 Metaspace       used 54034K, capacity 56118K, committed 56448K, reserved 1097728K
  class space    used 7421K, capacity 7937K, committed 8064K, reserved 1048576K
Event: 19.939 GC heap after
Heap after GC invocations=15 (full 2):
 PSYoungGen      total 126976K, used 15840K [0x00000000e0000000, 0x00000000eb980000, 0x0000000100000000)
  eden space 111104K, 0% used [0x00000000e0000000,0x00000000e0000000,0x00000000e6c80000)
  from space 15872K, 99% used [0x00000000e6c80000,0x00000000e7bf8210,0x00000000e7c00000)
  to   space 22016K, 0% used [0x00000000ea400000,0x00000000ea400000,0x00000000eb980000)
 ParOldGen       total 98816K, used 30566K [0x00000000a0000000, 0x00000000a6080000, 0x00000000e0000000)
  object space 98816K, 30% used [0x00000000a0000000,0x00000000a1dd9980,0x00000000a6080000)
 Metaspace       used 54034K, capacity 56118K, committed 56448K, reserved 1097728K
  class space    used 7421K, capacity 7937K, committed 8064K, reserved 1048576K
}
Event: 22.663 GC heap before
{Heap before GC invocations=16 (full 2):
 PSYoungGen      total 126976K, used 103729K [0x00000000e0000000, 0x00000000eb980000, 0x0000000100000000)
  eden space 111104K, 79% used [0x00000000e0000000,0x00000000e55d4490,0x00000000e6c80000)
  from space 15872K, 99% used [0x00000000e6c80000,0x00000000e7bf8210,0x00000000e7c00000)
  to   space 22016K, 0% used [0x00000000ea400000,0x00000000ea400000,0x00000000eb980000)
 ParOldGen       total 98816K, used 30566K [0x00000000a0000000, 0x00000000a6080000, 0x00000000e0000000)
  object space 98816K, 30% used [0x00000000a0000000,0x00000000a1dd9980,0x00000000a6080000)
 Metaspace       used 56420K, capacity 58840K, committed 59008K, reserved 1099776K
  class space    used 7718K, capacity 8304K, committed 8320K, reserved 1048576K
Event: 22.716 GC heap after
Heap after GC invocations=16 (full 2):
 PSYoungGen      total 163840K, used 21991K [0x00000000e0000000, 0x00000000ec300000, 0x0000000100000000)
  eden space 141824K, 0% used [0x00000000e0000000,0x00000000e0000000,0x00000000e8a80000)
  from space 22016K, 99% used [0x00000000ea400000,0x00000000eb979f08,0x00000000eb980000)
  to   space 26112K, 0% used [0x00000000e8a80000,0x00000000e8a80000,0x00000000ea400000)
 ParOldGen       total 98816K, used 33137K [0x00000000a0000000, 0x00000000a6080000, 0x00000000e0000000)
  object space 98816K, 33% used [0x00000000a0000000,0x00000000a205c528,0x00000000a6080000)
 Metaspace       used 56420K, capacity 58840K, committed 59008K, reserved 1099776K
  class space    used 7718K, capacity 8304K, committed 8320K, reserved 1048576K
}
Event: 22.716 GC heap before
{Heap before GC invocations=17 (full 3):
 PSYoungGen      total 163840K, used 21991K [0x00000000e0000000, 0x00000000ec300000, 0x0000000100000000)
  eden space 141824K, 0% used [0x00000000e0000000,0x00000000e0000000,0x00000000e8a80000)
  from space 22016K, 99% used [0x00000000ea400000,0x00000000eb979f08,0x00000000eb980000)
  to   space 26112K, 0% used [0x00000000e8a80000,0x00000000e8a80000,0x00000000ea400000)
 ParOldGen       total 98816K, used 33137K [0x00000000a0000000, 0x00000000a6080000, 0x00000000e0000000)
  object space 98816K, 33% used [0x00000000a0000000,0x00000000a205c528,0x00000000a6080000)
 Metaspace       used 56420K, capacity 58840K, committed 59008K, reserved 1099776K
  class space    used 7718K, capacity 8304K, committed 8320K, reserved 1048576K
Event: 23.124 GC heap after
Heap after GC invocations=17 (full 3):
 PSYoungGen      total 163840K, used 0K [0x00000000e0000000, 0x00000000ec300000, 0x0000000100000000)
  eden space 141824K, 0% used [0x00000000e0000000,0x00000000e0000000,0x00000000e8a80000)
  from space 22016K, 0% used [0x00000000ea400000,0x00000000ea400000,0x00000000eb980000)
  to   space 26112K, 0% used [0x00000000e8a80000,0x00000000e8a80000,0x00000000ea400000)
 ParOldGen       total 160768K, used 47587K [0x00000000a0000000, 0x00000000a9d00000, 0x00000000e0000000)
  object space 160768K, 29% used [0x00000000a0000000,0x00000000a2e78df8,0x00000000a9d00000)
 Metaspace       used 56420K, capacity 58840K, committed 59008K, reserved 1099776K
  class space    used 7718K, capacity 8304K, committed 8320K, reserved 1048576K
}

